#
# A fatal error has been detected by the Java Runtime Environment:
#
#  EXCEPTION_ACCESS_VIOLATION (0xc0000005) at pc=0x0000000002865340, pid=18696, tid=0x00000000000027e0
#
# JRE version: Java(TM) SE Runtime Environment (8.0_202-b08) (build 1.8.0_202-b08)
# Java VM: Java HotSpot(TM) 64-Bit Server VM (25.202-b08 mixed mode windows-amd64 compressed oops)
# Problematic frame:
# C  [instlic_postinstall.dll+0x5340]
#
# Failed to write core dump. Minidumps are not enabled by default on client versions of Windows
#
# If you would like to submit a bug report, please visit:
#   http://bugreport.java.com/bugreport/crash.jsp
# The crash happened outside the Java Virtual Machine in native code.
# See problematic frame for where to report the bug.
#

---------------  T H R E A D  ---------------

Current thread (0x000000000b9fe800):  JavaThread "qtp1684106402-19 - /messageservice/json/secure" [_thread_in_native, id=10208, stack(0x000000000cf20000,0x000000000d020000)]

siginfo: ExceptionCode=0xc0000005, reading address 0x0000000000000000

Registers:
RAX=0x0000000000000000, RBX=0x000000000d01cf50, RCX=0x0000000000000000, RDX=0x00000000000027e0
RSP=0x000000000d01ce80, RBP=0x000000000d01cec9, RSI=0x0000000000000000, RDI=0x000000000286d670
R8 =0x0000000000000000, R9 =0x0000000000000002, R10=0x0000000000000000, R11=0x000000000d01ce10
R12=0x00000000004dd830, R13=0x0000000026681798, R14=0x000000000f4c2710, R15=0x000000000f4c02f0
RIP=0x0000000002865340, EFLAGS=0x0000000000010246

Top of Stack: (sp=0x000000000d01ce80)
0x000000000d01ce80:   000000000f4bf9c8 000000000d01cf00
0x000000000d01ce90:   000000000d01cee8 0000000000000008
0x000000000d01cea0:   000000000d01cf48 0000000000000001
0x000000000d01ceb0:   000000000d01ced8 00000000001a0000
0x000000000d01cec0:   0000000000000000 00007ffa38ffb3c7
0x000000000d01ced0:   0000000000000000 0000000000000000
0x000000000d01cee0:   000000000f4bf9c8 0000000000000000
0x000000000d01cef0:   0000000000000000 0000000000000000
0x000000000d01cf00:   0000000000000003 0000000000000000
0x000000000d01cf10:   0000000000430000 fffffffffffffffe
0x000000000d01cf20:   000000000d01d131 0000000002865434
0x000000000d01cf30:   000000000d01cfb0 000000002372ae20
0x000000000d01cf40:   000000000286d620 0000000000000000
0x000000000d01cf50:   0000000000000000 fffffffffffffffe
0x000000000d01cf60:   000000000044ac90 0000000002865598
0x000000000d01cf70:   0000000000000000 00007ffa38ff5ba1 

Instructions: (pc=0x0000000002865340)
0x0000000002865320:   08 4c 8d 45 f7 48 8d 15 24 83 00 00 48 8b c8 41
0x0000000002865330:   ff 11 48 8b 4d f7 85 c0 48 0f 48 ce 48 89 4d f7
0x0000000002865340:   48 8b 01 4c 8d 4d 07 4c 8d 05 12 83 00 00 48 8d
0x0000000002865350:   15 43 98 00 00 ff 50 18 90 48 8b 4d f7 48 85 c9 


Register to memory mapping:

RAX=0x0000000000000000 is an unknown value
RBX=0x000000000d01cf50 is pointing into the stack for thread: 0x000000000b9fe800
RCX=0x0000000000000000 is an unknown value
RDX=0x00000000000027e0 is an unknown value
RSP=0x000000000d01ce80 is pointing into the stack for thread: 0x000000000b9fe800
RBP=0x000000000d01cec9 is pointing into the stack for thread: 0x000000000b9fe800
RSI=0x0000000000000000 is an unknown value
RDI=0x000000000286d670 is an unknown value
R8 =0x0000000000000000 is an unknown value
R9 =0x0000000000000002 is an unknown value
R10=0x0000000000000000 is an unknown value
R11=0x000000000d01ce10 is pointing into the stack for thread: 0x000000000b9fe800
R12=0x00000000004dd830 is an unknown value
R13={method} {0x00000000266817a0} 'runAsStdUser' '(Ljava/lang/String;Ljava/lang/String;Ljava/lang/String;)Z' in 'com/mathworks/instutil/WinSecurityUtil'
R14=0x000000000f4c2710 is an unknown value
R15=0x000000000f4c02f0 is an unknown value


Stack: [0x000000000cf20000,0x000000000d020000],  sp=0x000000000d01ce80,  free space=1011k
Native frames: (J=compiled Java code, j=interpreted, Vv=VM code, C=native code)
C  [instlic_postinstall.dll+0x5340]
C  [instlic_postinstall.dll+0x5434]
C  [instlic_postinstall.dll+0x5598]
C  [instutil.dll+0x50a7]
C  0x00000000119c8c67

Java frames: (J=compiled Java code, j=interpreted, Vv=VM code)
j  com.mathworks.instutil.WinSecurityUtil.runAsStdUser(Ljava/lang/String;Ljava/lang/String;Ljava/lang/String;)Z+0
j  com.mathworks.instutil.WindowsPlatformStrategy.executeCommand(Ljava/lang/String;Ljava/lang/String;)V+83
j  com.mathworks.installjscommon.operations.LaunchMatlabOperations.launchMatlab(Lcom/mathworks/instutil/PlatformSpecificStrategy;Ljava/lang/String;Ljava/lang/String;)V+23
j  com.mathworks.addons_product_installer.servicebridge_impl.FinishActionsServiceBridgeImpl.finalCheckboxAction(Lcom/mathworks/supportsoftwareinstaller/context/UnifiedServiceContext;)Z+58
j  com.mathworks.supportsoftwareinstaller.services.FinishActionsService.finalCheckboxAction(Ljava/lang/String;)Ljava/lang/String;+30
v  ~StubRoutines::call_stub
J 3635  sun.reflect.NativeMethodAccessorImpl.invoke0(Ljava/lang/reflect/Method;Ljava/lang/Object;[Ljava/lang/Object;)Ljava/lang/Object; (0 bytes) @ 0x00000000123a8e7f [0x00000000123a8e00+0x7f]
J 3634 C1 sun.reflect.NativeMethodAccessorImpl.invoke(Ljava/lang/Object;[Ljava/lang/Object;)Ljava/lang/Object; (104 bytes) @ 0x00000000123c56bc [0x00000000123c44c0+0x11fc]
J 4596 C2 java.lang.reflect.Method.invoke(Ljava/lang/Object;[Ljava/lang/Object;)Ljava/lang/Object; (62 bytes) @ 0x000000001281efe0 [0x000000001281ebe0+0x400]
j  com.mathworks.installservicehandler.JsonPassThroughResponseWrapper.getData()Ljava/lang/String;+52
j  com.mathworks.installservicehandler.JsonPassThroughResponseWrapper.getData()Ljava/lang/Object;+1
j  com.mathworks.laisserver.impl.helper.RequestHandler.handleRequest(Ljava/lang/String;)Ljava/lang/String;+290
j  com.mathworks.laisserver.impl.JsonServlet.doPost(Ljavax/servlet/http/HttpServletRequest;Ljavax/servlet/http/HttpServletResponse;)V+7
j  javax.servlet.http.HttpServlet.service(Ljavax/servlet/http/HttpServletRequest;Ljavax/servlet/http/HttpServletResponse;)V+131
J 6436 C1 javax.servlet.http.HttpServlet.service(Ljavax/servlet/ServletRequest;Ljavax/servlet/ServletResponse;)V (34 bytes) @ 0x0000000012d1886c [0x0000000012d18560+0x30c]
J 6379 C1 org.eclipse.jetty.servlet.ServletHolder.handle(Lorg/eclipse/jetty/server/Request;Ljavax/servlet/ServletRequest;Ljavax/servlet/ServletResponse;)V (311 bytes) @ 0x00000000126402ac [0x000000001263ef60+0x134c]
J 6378 C1 org.eclipse.jetty.servlet.ServletHandler.doHandle(Ljava/lang/String;Lorg/eclipse/jetty/server/Request;Ljavax/servlet/http/HttpServletRequest;Ljavax/servlet/http/HttpServletResponse;)V (845 bytes) @ 0x0000000012cd30c4 [0x0000000012cd1c60+0x1464]
J 5980 C1 org.eclipse.jetty.server.handler.ScopedHandler.handle(Ljava/lang/String;Lorg/eclipse/jetty/server/Request;Ljavax/servlet/http/HttpServletRequest;Ljavax/servlet/http/HttpServletResponse;)V (29 bytes) @ 0x00000000125bb9c4 [0x00000000125bb7c0+0x204]
J 6376 C1 org.eclipse.jetty.security.SecurityHandler.handle(Ljava/lang/String;Lorg/eclipse/jetty/server/Request;Ljavax/servlet/http/HttpServletRequest;Ljavax/servlet/http/HttpServletResponse;)V (662 bytes) @ 0x0000000012ccc9dc [0x0000000012cca580+0x245c]
J 6375 C1 org.eclipse.jetty.server.session.SessionHandler.doHandle(Ljava/lang/String;Lorg/eclipse/jetty/server/Request;Ljavax/servlet/http/HttpServletRequest;Ljavax/servlet/http/HttpServletResponse;)V (74 bytes) @ 0x0000000012799ab4 [0x0000000012799820+0x294]
J 6234 C1 org.eclipse.jetty.server.handler.ContextHandler.doHandle(Ljava/lang/String;Lorg/eclipse/jetty/server/Request;Ljavax/servlet/http/HttpServletRequest;Ljavax/servlet/http/HttpServletResponse;)V (603 bytes) @ 0x0000000012c478cc [0x0000000012c46540+0x138c]
J 6249 C1 org.eclipse.jetty.servlet.ServletHandler.doScope(Ljava/lang/String;Lorg/eclipse/jetty/server/Request;Ljavax/servlet/http/HttpServletRequest;Ljavax/servlet/http/HttpServletResponse;)V (369 bytes) @ 0x0000000012c4f3cc [0x0000000012c4d860+0x1b6c]
J 6247 C1 org.eclipse.jetty.server.session.SessionHandler.doScope(Ljava/lang/String;Lorg/eclipse/jetty/server/Request;Ljavax/servlet/http/HttpServletRequest;Ljavax/servlet/http/HttpServletResponse;)V (433 bytes) @ 0x0000000012c539ac [0x0000000012c516a0+0x230c]
J 6233 C1 org.eclipse.jetty.server.handler.ContextHandler.doScope(Ljava/lang/String;Lorg/eclipse/jetty/server/Request;Ljavax/servlet/http/HttpServletRequest;Ljavax/servlet/http/HttpServletResponse;)V (572 bytes) @ 0x0000000012c3fb8c [0x0000000012c3bf20+0x3c6c]
J 5980 C1 org.eclipse.jetty.server.handler.ScopedHandler.handle(Ljava/lang/String;Lorg/eclipse/jetty/server/Request;Ljavax/servlet/http/HttpServletRequest;Ljavax/servlet/http/HttpServletResponse;)V (29 bytes) @ 0x00000000125bb904 [0x00000000125bb7c0+0x144]
J 6366 C1 org.eclipse.jetty.server.handler.ContextHandlerCollection.handle(Ljava/lang/String;Lorg/eclipse/jetty/server/Request;Ljavax/servlet/http/HttpServletRequest;Ljavax/servlet/http/HttpServletResponse;)V (468 bytes) @ 0x0000000012742b3c [0x000000001273f0e0+0x3a5c]
J 6396 C1 org.eclipse.jetty.server.Server.handle(Lorg/eclipse/jetty/server/AbstractHttpConnection;)V (150 bytes) @ 0x0000000012cec3dc [0x0000000012ceb0a0+0x133c]
J 6272 C1 org.eclipse.jetty.server.AbstractHttpConnection.handleRequest()V (1233 bytes) @ 0x00000000127554e4 [0x00000000127536e0+0x1e04]
J 6300 C1 org.eclipse.jetty.server.AbstractHttpConnection$RequestHandler.content(Lorg/eclipse/jetty/io/Buffer;)V (9 bytes) @ 0x0000000011f460c4 [0x0000000011f45ec0+0x204]
J 6198 C2 org.eclipse.jetty.http.HttpParser.parseNext()I (4284 bytes) @ 0x0000000012c61a44 [0x0000000012c612e0+0x764]
J 6025 C1 org.eclipse.jetty.http.HttpParser.parseAvailable()Z (59 bytes) @ 0x0000000012b1379c [0x0000000012b133c0+0x3dc]
J 6232 C1 org.eclipse.jetty.server.AsyncHttpConnection.handle()Lorg/eclipse/jetty/io/Connection; (1437 bytes) @ 0x0000000012c1f06c [0x0000000012c1e6c0+0x9ac]
J 6361 C1 org.eclipse.jetty.io.nio.SelectChannelEndPoint.handle()V (911 bytes) @ 0x0000000012cbbd9c [0x0000000012cbbc40+0x15c]
J 6231 C1 org.eclipse.jetty.io.nio.SelectChannelEndPoint$1.run()V (8 bytes) @ 0x0000000012bf2754 [0x0000000012bf26c0+0x94]
J 5572 C1 org.eclipse.jetty.util.thread.QueuedThreadPool.runJob(Ljava/lang/Runnable;)V (7 bytes) @ 0x0000000011b83644 [0x0000000011b83540+0x104]
j  org.eclipse.jetty.util.thread.QueuedThreadPool$3.run()V+47
j  java.lang.Thread.run()V+11
v  ~StubRoutines::call_stub

---------------  P R O C E S S  ---------------

Java Threads: ( => current thread )
  0x000000000ba6d800 JavaThread "pool-4-thread-5" [_thread_blocked, id=15176, stack(0x0000000023d20000,0x0000000023e20000)]
  0x000000000ba6f000 JavaThread "pool-4-thread-4" [_thread_blocked, id=17448, stack(0x0000000023c20000,0x0000000023d20000)]
  0x000000000ba70000 JavaThread "pool-4-thread-3" [_thread_blocked, id=17500, stack(0x0000000023b20000,0x0000000023c20000)]
  0x000000000ba6e800 JavaThread "pool-4-thread-2" [_thread_blocked, id=18728, stack(0x0000000000800000,0x0000000000900000)]
  0x000000000ba6a800 JavaThread "pool-4-thread-1" [_thread_blocked, id=9804, stack(0x0000000000600000,0x0000000000700000)]
  0x000000000ba71000 JavaThread "pool-3-thread-1" [_thread_blocked, id=13488, stack(0x0000000000700000,0x0000000000800000)]
  0x000000000ba6d000 JavaThread "MultiThreadedHttpConnectionManager cleanup" daemon [_thread_blocked, id=19096, stack(0x000000000d620000,0x000000000d720000)]
  0x000000000ba71800 JavaThread "AWT-Windows" daemon [_thread_in_native, id=18576, stack(0x000000000e060000,0x000000000e160000)]
  0x000000000ba6c000 JavaThread "Java2D Disposer" daemon [_thread_blocked, id=12140, stack(0x000000000de60000,0x000000000df60000)]
  0x000000000b9ff800 JavaThread "qtp1684106402-20" [_thread_blocked, id=11784, stack(0x000000000d020000,0x000000000d120000)]
=>0x000000000b9fe800 JavaThread "qtp1684106402-19 - /messageservice/json/secure" [_thread_in_native, id=10208, stack(0x000000000cf20000,0x000000000d020000)]
  0x000000000b0ac000 JavaThread "qtp1684106402-18" [_thread_blocked, id=6016, stack(0x000000000ce20000,0x000000000cf20000)]
  0x000000000b0ab800 JavaThread "qtp1684106402-17" [_thread_blocked, id=14632, stack(0x000000000cd20000,0x000000000ce20000)]
  0x000000000b998800 JavaThread "qtp1684106402-16" [_thread_blocked, id=3620, stack(0x000000000cc20000,0x000000000cd20000)]
  0x000000000b997800 JavaThread "qtp1684106402-15" [_thread_blocked, id=1304, stack(0x000000000cb20000,0x000000000cc20000)]
  0x000000000b997000 JavaThread "qtp1684106402-14 Selector0" [_thread_in_native, id=15384, stack(0x000000000ca20000,0x000000000cb20000)]
  0x000000000b996000 JavaThread "qtp1684106402-13 Acceptor0 SelectChannelConnector@0.0.0.0:32415" [_thread_in_native, id=19420, stack(0x000000000c920000,0x000000000ca20000)]
  0x000000000afe8000 JavaThread "BayeuxServer@1586845078" daemon [_thread_blocked, id=9992, stack(0x000000000c2e0000,0x000000000c3e0000)]
  0x000000000b1d1800 JavaThread "HashSessionScavenger-0" daemon [_thread_blocked, id=1552, stack(0x000000000c1e0000,0x000000000c2e0000)]
  0x000000000a221000 JavaThread "Service Thread" daemon [_thread_blocked, id=18204, stack(0x000000000a810000,0x000000000a910000)]
  0x000000000a212800 JavaThread "C1 CompilerThread2" daemon [_thread_blocked, id=6236, stack(0x000000000a710000,0x000000000a810000)]
  0x0000000008a1e000 JavaThread "C2 CompilerThread1" daemon [_thread_blocked, id=12652, stack(0x000000000a610000,0x000000000a710000)]
  0x00000000089bd800 JavaThread "C2 CompilerThread0" daemon [_thread_blocked, id=17084, stack(0x000000000a110000,0x000000000a210000)]
  0x00000000089bb000 JavaThread "Attach Listener" daemon [_thread_blocked, id=18232, stack(0x000000000a010000,0x000000000a110000)]
  0x00000000089ba000 JavaThread "Signal Dispatcher" daemon [_thread_blocked, id=14624, stack(0x0000000009f10000,0x000000000a010000)]
  0x0000000002e4c000 JavaThread "Finalizer" daemon [_thread_blocked, id=9620, stack(0x0000000009d10000,0x0000000009e10000)]
  0x00000000089aa000 JavaThread "Reference Handler" daemon [_thread_blocked, id=18788, stack(0x0000000009c10000,0x0000000009d10000)]
  0x0000000002c3e000 JavaThread "main" [_thread_in_native, id=10788, stack(0x0000000000050000,0x0000000000150000)]

Other Threads:
  0x0000000008988000 VMThread [stack: 0x0000000009b10000,0x0000000009c10000] [id=6476]
  0x000000000a217000 WatcherThread [stack: 0x000000000a910000,0x000000000aa10000] [id=8996]

VM state:not at safepoint (normal execution)

VM Mutex/Monitor currently owned by a thread: None

heap address: 0x0000000741400000, size: 2028 MB, Compressed Oops mode: Zero based, Oop shift amount: 3
Narrow klass base: 0x0000000000000000, Narrow klass shift: 3
Compressed class space size: 1073741824 Address: 0x00000007c0000000

Heap:
 PSYoungGen      total 630272K, used 162811K [0x0000000795c00000, 0x00000007bfe80000, 0x00000007c0000000)
  eden space 570880K, 28% used [0x0000000795c00000,0x000000079fa7cca8,0x00000007b8980000)
  from space 59392K, 0% used [0x00000007b8980000,0x00000007b8a020a8,0x00000007bc380000)
  to   space 57856K, 0% used [0x00000007bc600000,0x00000007bc600000,0x00000007bfe80000)
 ParOldGen       total 275456K, used 155997K [0x0000000741400000, 0x0000000752100000, 0x0000000795c00000)
  object space 275456K, 56% used [0x0000000741400000,0x000000074ac57458,0x0000000752100000)
 Metaspace       used 46237K, capacity 46710K, committed 47232K, reserved 1091584K
  class space    used 5261K, capacity 5405K, committed 5504K, reserved 1048576K

Card table byte_map: [0x0000000003210000,0x0000000003610000] byte_map_base: 0xffffffffff806000

Marking Bits: (ParMarkBitMap*) 0x00000000730d5ce0
 Begin Bits: [0x0000000003cc0000, 0x0000000005c70000)
 End Bits:   [0x0000000005c70000, 0x0000000007c20000)

Polling page: 0x00000000027e0000

CodeCache: size=245760Kb used=27929Kb max_used=28005Kb free=217830Kb
 bounds [0x00000000119b0000, 0x0000000013560000, 0x00000000209b0000]
 total_blobs=7732 nmethods=7166 adapters=478
 compilation: enabled

Compilation events (10 events):
Event: 137.879 Thread 0x000000000a212800 8873       3       com.google.inject.spi.TypeConverterBinding::<init> (41 bytes)
Event: 137.879 Thread 0x000000000a212800 nmethod 8873 0x0000000011cb3ad0 code [0x0000000011cb3ce0, 0x0000000011cb45a8]
Event: 137.880 Thread 0x00000000089bd800 nmethod 8869 0x0000000011ef71d0 code [0x0000000011ef7380, 0x0000000011ef76d0]
Event: 137.881 Thread 0x000000000a212800 8874       3       java.lang.ThreadLocal$ThreadLocalMap::expungeStaleEntry (146 bytes)
Event: 137.881 Thread 0x00000000089bd800 8870       4       sun.reflect.generics.parser.SignatureParser::parsePackageNameAndSimpleClassTypeSignature (139 bytes)
Event: 137.881 Thread 0x000000000a212800 nmethod 8874 0x0000000012778b90 code [0x0000000012778d80, 0x0000000012779a50]
Event: 137.882 Thread 0x000000000a212800 8875       3       com.google.gson.stream.JsonReader::nextName (121 bytes)
Event: 137.883 Thread 0x000000000a212800 nmethod 8875 0x000000001351ea90 code [0x000000001351ed40, 0x000000001351ff68]
Event: 138.120 Thread 0x00000000089bd800 nmethod 8870 0x00000000135206d0 code [0x0000000013521be0, 0x00000000135299a8]
Event: 138.148 Thread 0x0000000008a1e000 nmethod 8848 0x000000001353b010 code [0x000000001353bf60, 0x00000000135441c0]

GC Heap History (10 events):
Event: 110.875 GC heap before
{Heap before GC invocations=30 (full 5):
 PSYoungGen      total 626688K, used 10224K [0x0000000795c00000, 0x00000007c0000000, 0x00000007c0000000)
  eden space 561152K, 0% used [0x0000000795c00000,0x0000000795c00000,0x00000007b8000000)
  from space 65536K, 15% used [0x00000007b8000000,0x00000007b89fc050,0x00000007bc000000)
  to   space 62976K, 0% used [0x00000007bc280000,0x00000007bc280000,0x00000007c0000000)
 ParOldGen       total 154112K, used 153289K [0x0000000741400000, 0x000000074aa80000, 0x0000000795c00000)
  object space 154112K, 99% used [0x0000000741400000,0x000000074a9b26f8,0x000000074aa80000)
 Metaspace       used 37714K, capacity 38126K, committed 38528K, reserved 1083392K
  class space    used 4319K, capacity 4423K, committed 4480K, reserved 1048576K
Event: 111.147 GC heap after
Heap after GC invocations=30 (full 5):
 PSYoungGen      total 626688K, used 0K [0x0000000795c00000, 0x00000007c0000000, 0x00000007c0000000)
  eden space 561152K, 0% used [0x0000000795c00000,0x0000000795c00000,0x00000007b8000000)
  from space 65536K, 0% used [0x00000007b8000000,0x00000007b8000000,0x00000007bc000000)
  to   space 62976K, 0% used [0x00000007bc280000,0x00000007bc280000,0x00000007c0000000)
 ParOldGen       total 275456K, used 151118K [0x0000000741400000, 0x0000000752100000, 0x0000000795c00000)
  object space 275456K, 54% used [0x0000000741400000,0x000000074a793960,0x0000000752100000)
 Metaspace       used 37714K, capacity 38126K, committed 38528K, reserved 1083392K
  class space    used 4319K, capacity 4423K, committed 4480K, reserved 1048576K
}
Event: 127.352 GC heap before
{Heap before GC invocations=31 (full 5):
 PSYoungGen      total 626688K, used 561152K [0x0000000795c00000, 0x00000007c0000000, 0x00000007c0000000)
  eden space 561152K, 100% used [0x0000000795c00000,0x00000007b8000000,0x00000007b8000000)
  from space 65536K, 0% used [0x00000007b8000000,0x00000007b8000000,0x00000007bc000000)
  to   space 62976K, 0% used [0x00000007bc280000,0x00000007bc280000,0x00000007c0000000)
 ParOldGen       total 275456K, used 151118K [0x0000000741400000, 0x0000000752100000, 0x0000000795c00000)
  object space 275456K, 54% used [0x0000000741400000,0x000000074a793960,0x0000000752100000)
 Metaspace       used 40653K, capacity 41002K, committed 41472K, reserved 1085440K
  class space    used 4663K, capacity 4779K, committed 4864K, reserved 1048576K
Event: 127.362 GC heap after
Heap after GC invocations=31 (full 5):
 PSYoungGen      total 620032K, used 10120K [0x0000000795c00000, 0x00000007bf980000, 0x00000007c0000000)
  eden space 563712K, 0% used [0x0000000795c00000,0x0000000795c00000,0x00000007b8280000)
  from space 56320K, 17% used [0x00000007bc280000,0x00000007bcc62208,0x00000007bf980000)
  to   space 60928K, 0% used [0x00000007b8280000,0x00000007b8280000,0x00000007bbe00000)
 ParOldGen       total 275456K, used 151126K [0x0000000741400000, 0x0000000752100000, 0x0000000795c00000)
  object space 275456K, 54% used [0x0000000741400000,0x000000074a795960,0x0000000752100000)
 Metaspace       used 40653K, capacity 41002K, committed 41472K, reserved 1085440K
  class space    used 4663K, capacity 4779K, committed 4864K, reserved 1048576K
}
Event: 130.287 GC heap before
{Heap before GC invocations=32 (full 5):
 PSYoungGen      total 620032K, used 573832K [0x0000000795c00000, 0x00000007bf980000, 0x00000007c0000000)
  eden space 563712K, 100% used [0x0000000795c00000,0x00000007b8280000,0x00000007b8280000)
  from space 56320K, 17% used [0x00000007bc280000,0x00000007bcc62208,0x00000007bf980000)
  to   space 60928K, 0% used [0x00000007b8280000,0x00000007b8280000,0x00000007bbe00000)
 ParOldGen       total 275456K, used 151126K [0x0000000741400000, 0x0000000752100000, 0x0000000795c00000)
  object space 275456K, 54% used [0x0000000741400000,0x000000074a795960,0x0000000752100000)
 Metaspace       used 41194K, capacity 41546K, committed 41984K, reserved 1087488K
  class space    used 4703K, capacity 4811K, committed 4864K, reserved 1048576K
Event: 130.296 GC heap after
Heap after GC invocations=32 (full 5):
 PSYoungGen      total 624640K, used 858K [0x0000000795c00000, 0x00000007c0000000, 0x00000007c0000000)
  eden space 563712K, 0% used [0x0000000795c00000,0x0000000795c00000,0x00000007b8280000)
  from space 60928K, 1% used [0x00000007b8280000,0x00000007b8356a78,0x00000007bbe00000)
  to   space 60416K, 0% used [0x00000007bc500000,0x00000007bc500000,0x00000007c0000000)
 ParOldGen       total 275456K, used 155666K [0x0000000741400000, 0x0000000752100000, 0x0000000795c00000)
  object space 275456K, 56% used [0x0000000741400000,0x000000074ac04a48,0x0000000752100000)
 Metaspace       used 41194K, capacity 41546K, committed 41984K, reserved 1087488K
  class space    used 4703K, capacity 4811K, committed 4864K, reserved 1048576K
}
Event: 131.051 GC heap before
{Heap before GC invocations=33 (full 5):
 PSYoungGen      total 624640K, used 564570K [0x0000000795c00000, 0x00000007c0000000, 0x00000007c0000000)
  eden space 563712K, 100% used [0x0000000795c00000,0x00000007b8280000,0x00000007b8280000)
  from space 60928K, 1% used [0x00000007b8280000,0x00000007b8356a78,0x00000007bbe00000)
  to   space 60416K, 0% used [0x00000007bc500000,0x00000007bc500000,0x00000007c0000000)
 ParOldGen       total 275456K, used 155666K [0x0000000741400000, 0x0000000752100000, 0x0000000795c00000)
  object space 275456K, 56% used [0x0000000741400000,0x000000074ac04a48,0x0000000752100000)
 Metaspace       used 41205K, capacity 41546K, committed 41984K, reserved 1087488K
  class space    used 4703K, capacity 4811K, committed 4864K, reserved 1048576K
Event: 131.053 GC heap after
Heap after GC invocations=33 (full 5):
 PSYoungGen      total 628736K, used 424K [0x0000000795c00000, 0x00000007bfd80000, 0x00000007c0000000)
  eden space 570880K, 0% used [0x0000000795c00000,0x0000000795c00000,0x00000007b8980000)
  from space 57856K, 0% used [0x00000007bc500000,0x00000007bc56a0a8,0x00000007bfd80000)
  to   space 59392K, 0% used [0x00000007b8980000,0x00000007b8980000,0x00000007bc380000)
 ParOldGen       total 275456K, used 155965K [0x0000000741400000, 0x0000000752100000, 0x0000000795c00000)
  object space 275456K, 56% used [0x0000000741400000,0x000000074ac4f458,0x0000000752100000)
 Metaspace       used 41205K, capacity 41546K, committed 41984K, reserved 1087488K
  class space    used 4703K, capacity 4811K, committed 4864K, reserved 1048576K
}
Event: 132.551 GC heap before
{Heap before GC invocations=34 (full 5):
 PSYoungGen      total 628736K, used 571304K [0x0000000795c00000, 0x00000007bfd80000, 0x00000007c0000000)
  eden space 570880K, 100% used [0x0000000795c00000,0x00000007b8980000,0x00000007b8980000)
  from space 57856K, 0% used [0x00000007bc500000,0x00000007bc56a0a8,0x00000007bfd80000)
  to   space 59392K, 0% used [0x00000007b8980000,0x00000007b8980000,0x00000007bc380000)
 ParOldGen       total 275456K, used 155965K [0x0000000741400000, 0x0000000752100000, 0x0000000795c00000)
  object space 275456K, 56% used [0x0000000741400000,0x000000074ac4f458,0x0000000752100000)
 Metaspace       used 41205K, capacity 41546K, committed 41984K, reserved 1087488K
  class space    used 4703K, capacity 4811K, committed 4864K, reserved 1048576K
Event: 132.553 GC heap after
Heap after GC invocations=34 (full 5):
 PSYoungGen      total 630272K, used 520K [0x0000000795c00000, 0x00000007bfe80000, 0x00000007c0000000)
  eden space 570880K, 0% used [0x0000000795c00000,0x0000000795c00000,0x00000007b8980000)
  from space 59392K, 0% used [0x00000007b8980000,0x00000007b8a020a8,0x00000007bc380000)
  to   space 57856K, 0% used [0x00000007bc600000,0x00000007bc600000,0x00000007bfe80000)
 ParOldGen       total 275456K, used 155997K [0x0000000741400000, 0x0000000752100000, 0x0000000795c00000)
  object space 275456K, 56% used [0x0000000741400000,0x000000074ac57458,0x0000000752100000)
 Metaspace       used 41205K, capacity 41546K, committed 41984K, reserved 1087488K
  class space    used 4703K, capacity 4811K, committed 4864K, reserved 1048576K
}

Deoptimization events (10 events):
Event: 137.836 Thread 0x000000000b998800 Uncommon trap: reason=null_check action=make_not_entrant pc=0x0000000012b3e784 method=com.google.gson.Gson.getAdapter(Lcom/google/gson/reflect/TypeToken;)Lcom/google/gson/TypeAdapter; @ 10
Event: 137.840 Thread 0x000000000b9fe800 Uncommon trap: reason=class_check action=maybe_recompile pc=0x0000000012677434 method=org.cometd.server.BayeuxServerImpl.doPublish(Lorg/cometd/server/ServerSessionImpl;Lorg/cometd/server/ServerChannelImpl;Lorg/cometd/bayeux/server/ServerMessage$Mutable;)V
Event: 137.841 Thread 0x000000000b9fe800 Uncommon trap: reason=unstable_if action=reinterpret pc=0x0000000012c19128 method=org.eclipse.jetty.server.HttpWriter.write(Ljava/lang/String;II)V @ 38
Event: 137.849 Thread 0x000000000b0ab800 Uncommon trap: reason=class_check action=maybe_recompile pc=0x0000000012677434 method=org.cometd.server.BayeuxServerImpl.doPublish(Lorg/cometd/server/ServerSessionImpl;Lorg/cometd/server/ServerChannelImpl;Lorg/cometd/bayeux/server/ServerMessage$Mutable;)V
Event: 137.851 Thread 0x000000000b9ff800 Uncommon trap: reason=bimorphic action=maybe_recompile pc=0x0000000012c0c0dc method=java.util.AbstractMap.toString()Ljava/lang/String; @ 1
Event: 137.851 Thread 0x000000000b9ff800 Uncommon trap: reason=bimorphic action=maybe_recompile pc=0x00000000127b1ac4 method=org.eclipse.jetty.util.ajax.JSON.appendMap(Ljava/lang/Appendable;Ljava/util/Map;)V @ 20
Event: 137.861 Thread 0x000000000b0ac000 Uncommon trap: reason=class_check action=maybe_recompile pc=0x0000000012bc7880 method=com.google.gson.internal.bind.TypeAdapters$13.write(Lcom/google/gson/stream/JsonWriter;Ljava/lang/String;)V @ 2
Event: 137.861 Thread 0x000000000b0ac000 Uncommon trap: reason=class_check action=maybe_recompile pc=0x0000000012bc7880 method=com.google.gson.internal.bind.TypeAdapters$13.write(Lcom/google/gson/stream/JsonWriter;Ljava/lang/String;)V @ 2
Event: 137.870 Thread 0x000000000b997800 Uncommon trap: reason=unstable_if action=reinterpret pc=0x00000000128db1a0 method=java.lang.ThreadLocal$ThreadLocalMap.expungeStaleEntry(I)I @ 100
Event: 137.882 Thread 0x000000000b9fe800 Uncommon trap: reason=class_check action=maybe_recompile pc=0x0000000012bc7880 method=com.google.gson.internal.bind.TypeAdapters$13.write(Lcom/google/gson/stream/JsonWriter;Ljava/lang/String;)V @ 2

Classes redefined (0 events):
No events

Internal exceptions (10 events):
Event: 108.832 Thread 0x000000000b997800 Implicit null exception at 0x000000001239deb6 to 0x000000001239e125
Event: 121.201 Thread 0x000000000b997800 Exception <a 'java/io/FileNotFoundException'> (0x000000079e0f8998) thrown at [C:\re\workspace\8-2-build-windows-amd64-cygwin\jdk8u202\12323\hotspot\src\share\vm\prims\jni.cpp, line 710]
Event: 129.537 Thread 0x000000002583a800 Implicit null exception at 0x000000001316ecbe to 0x0000000013171055
Event: 132.628 Thread 0x000000002583a800 Implicit null exception at 0x0000000012d60e4a to 0x0000000012d61305
Event: 134.612 Thread 0x000000000b997800 Implicit null exception at 0x00000000124837b4 to 0x0000000012483d2d
Event: 135.325 Thread 0x000000000b997800 Implicit null exception at 0x0000000011dc590f to 0x0000000011dc5ab1
Event: 135.525 Thread 0x000000000b997800 Implicit null exception at 0x0000000012423bfe to 0x0000000012423d82
Event: 137.828 Thread 0x000000000b997800 Implicit null exception at 0x0000000012bd03ff to 0x0000000012bd0fb9
Event: 137.836 Thread 0x000000000b998800 Implicit null exception at 0x0000000012b3e4c9 to 0x0000000012b3e775
Event: 137.841 Thread 0x000000000b9fe800 Implicit null exception at 0x0000000012c169e2 to 0x0000000012c190f5

Events (10 events):
Event: 150.363 loading class com/mathworks/instutil/WindowsPlatformStrategy
Event: 150.363 loading class com/mathworks/instutil/WindowsPlatformStrategy done
Event: 150.363 loading class com/mathworks/instutil/AbstractPlatformStrategy
Event: 150.363 loading class com/mathworks/instutil/AbstractPlatformStrategy done
Event: 150.364 loading class com/mathworks/installjscommon/operations/LaunchMatlabOperations
Event: 150.364 loading class com/mathworks/installjscommon/operations/LaunchMatlabOperations done
Event: 150.365 loading class com/mathworks/instutil/WinSecurityUtil
Event: 150.365 loading class com/mathworks/instutil/WinSecurityUtil done
Event: 150.365 loading class com/mathworks/instutil/WinSecurity
Event: 150.365 loading class com/mathworks/instutil/WinSecurity done


Dynamic libraries:
0x0000000140000000 - 0x000000014001f000 	C:\Program Files\MATLAB\R2019b\bin\win64\AddOnProductInstaller.exe
0x00007ffa38fd0000 - 0x00007ffa391c5000 	C:\WINDOWS\SYSTEM32\ntdll.dll
0x00007ffa38940000 - 0x00007ffa389fe000 	C:\WINDOWS\System32\KERNEL32.DLL
0x00007ffa36b60000 - 0x00007ffa36e28000 	C:\WINDOWS\System32\KERNELBASE.dll
0x00007ffa36980000 - 0x00007ffa36a80000 	C:\WINDOWS\System32\ucrtbase.dll
0x00007ff9fb860000 - 0x00007ff9fb8fb000 	C:\Program Files\MATLAB\R2019b\bin\win64\MSVCP140.dll
0x00007ffa22f10000 - 0x00007ffa22f26000 	C:\Program Files\MATLAB\R2019b\bin\win64\VCRUNTIME140.dll
0x0000000180000000 - 0x0000000180037000 	C:\Program Files\MATLAB\R2019b\bin\win64\jail_container.dll
0x00007ffa37a30000 - 0x00007ffa37bd0000 	C:\WINDOWS\System32\USER32.dll
0x00007ffa36b30000 - 0x00007ffa36b52000 	C:\WINDOWS\System32\win32u.dll
0x00007ffa38910000 - 0x00007ffa3893b000 	C:\WINDOWS\System32\GDI32.dll
0x00007ffa36e80000 - 0x00007ffa36f8b000 	C:\WINDOWS\System32\gdi32full.dll
0x00007ffa1b140000 - 0x00007ffa1b164000 	C:\Program Files\MATLAB\R2019b\bin\win64\mwboost_filesystem-vc141-mt-1_65_1.dll
0x00007ffa36f90000 - 0x00007ffa3702d000 	C:\WINDOWS\System32\msvcp_win.dll
0x00007ffa2d2f0000 - 0x00007ffa2d2fb000 	C:\Program Files\MATLAB\R2019b\bin\win64\mwboost_system-vc141-mt-1_65_1.dll
0x00007ffa38700000 - 0x00007ffa387ae000 	C:\WINDOWS\System32\ADVAPI32.dll
0x00007ffa38b30000 - 0x00007ffa38bce000 	C:\WINDOWS\System32\msvcrt.dll
0x00007ffa38660000 - 0x00007ffa386fc000 	C:\WINDOWS\System32\sechost.dll
0x00007ffa37110000 - 0x00007ffa37235000 	C:\WINDOWS\System32\RPCRT4.dll
0x00000000001e0000 - 0x0000000000200000 	C:\Program Files\MATLAB\R2019b\bin\win64\webwindow.dll
0x0000000000400000 - 0x000000000040d000 	C:\Program Files\MATLAB\R2019b\bin\win64\libmwlocale.dll
0x00000000fff00000 - 0x00000001000f7000 	C:\Program Files\MATLAB\R2019b\bin\win64\libmwi18n.dll
0x00000000ffef0000 - 0x00000000ffef9000 	C:\Program Files\MATLAB\R2019b\bin\win64\libmwresource_core.dll
0x00007ffa21ce0000 - 0x00007ffa21cf1000 	C:\Program Files\MATLAB\R2019b\bin\win64\mwboost_date_time-vc141-mt-1_65_1.dll
0x00007ffa1ed60000 - 0x00007ffa1ed80000 	C:\Program Files\MATLAB\R2019b\bin\win64\mwboost_thread-vc141-mt-1_65_1.dll
0x00007ffa14460000 - 0x00007ffa14489000 	C:\Program Files\MATLAB\R2019b\bin\win64\LIBEXPAT.dll
0x00000000733f0000 - 0x000000007362c000 	C:\Program Files\MATLAB\R2019b\bin\win64\icuin61.dll
0x0000000073690000 - 0x0000000073810000 	C:\Program Files\MATLAB\R2019b\bin\win64\icuuc61.dll
0x00007ffa29d60000 - 0x00007ffa29d7f000 	C:\WINDOWS\SYSTEM32\MPR.dll
0x00007ffa2b390000 - 0x00007ffa2b39c000 	C:\Program Files\MATLAB\R2019b\bin\win64\mwboost_chrono-vc141-mt-1_65_1.dll
0x0000000010000000 - 0x00000000119a5000 	C:\Program Files\MATLAB\R2019b\bin\win64\icudt61.dll
0x0000000000940000 - 0x000000000099d000 	C:\Program Files\MATLAB\R2019b\bin\win64\webwindow_extprocess.dll
0x00000000009a0000 - 0x00000000009b9000 	C:\Program Files\MATLAB\R2019b\bin\win64\libmwcpp11compat.dll
0x00007ff9c66b0000 - 0x00007ff9c681a000 	C:\Program Files\MATLAB\R2019b\bin\win64\PocoFoundation64.dll
0x00000000009c0000 - 0x0000000000a55000 	C:\Program Files\MATLAB\R2019b\bin\win64\webwindow_inprocess.dll
0x00007ff9a0820000 - 0x00007ff9a70e2000 	C:\Program Files\MATLAB\R2019b\bin\win64\libcef.dll
0x00007ffa38220000 - 0x00007ffa3828b000 	C:\WINDOWS\System32\WS2_32.dll
0x00007ffa35a90000 - 0x00007ffa35acb000 	C:\WINDOWS\SYSTEM32\IPHLPAPI.DLL
0x00007ffa37250000 - 0x00007ffa37994000 	C:\WINDOWS\System32\SHELL32.dll
0x00007ffa38a00000 - 0x00007ffa38b2a000 	C:\WINDOWS\System32\ole32.dll
0x00007ffa38bd0000 - 0x00007ffa38f24000 	C:\WINDOWS\System32\combase.dll
0x00007ffa263e0000 - 0x00007ffa26407000 	C:\WINDOWS\SYSTEM32\WINMM.dll
0x00007ffa38350000 - 0x00007ffa3841d000 	C:\WINDOWS\System32\OLEAUT32.dll
0x00007ffa37240000 - 0x00007ffa37248000 	C:\WINDOWS\System32\PSAPI.DLL
0x00007ffa37cf0000 - 0x00007ffa37d45000 	C:\WINDOWS\System32\SHLWAPI.dll
0x00007ffa298b0000 - 0x00007ffa298bc000 	C:\WINDOWS\SYSTEM32\Secur32.dll
0x00007ffa37d50000 - 0x00007ffa37d80000 	C:\WINDOWS\System32\IMM32.dll
0x00007ffa26eb0000 - 0x00007ffa26eca000 	C:\WINDOWS\SYSTEM32\NETAPI32.dll
0x00007ffa366f0000 - 0x00007ffa36846000 	C:\WINDOWS\System32\CRYPT32.dll
0x00007ffa26270000 - 0x00007ffa262d6000 	C:\WINDOWS\SYSTEM32\OLEACC.dll
0x00007ffa37030000 - 0x00007ffa3710b000 	C:\WINDOWS\System32\COMDLG32.dll
0x00007ffa28b70000 - 0x00007ffa28c20000 	C:\WINDOWS\WinSxS\amd64_microsoft.windows.common-controls_6595b64144ccf1df_5.82.19041.1110_none_792d1c772443f647\COMCTL32.dll
0x00007ffa387b0000 - 0x00007ffa3885d000 	C:\WINDOWS\System32\shcore.dll
0x00007ffa2f3a0000 - 0x00007ffa2f3b4000 	C:\WINDOWS\SYSTEM32\WTSAPI32.dll
0x00007ffa34f40000 - 0x00007ffa34f4d000 	C:\WINDOWS\SYSTEM32\HID.DLL
0x00007ff9d3800000 - 0x00007ff9d38da000 	C:\Program Files\MATLAB\R2019b\bin\win64\chrome_elf.dll
0x00007ffa34530000 - 0x00007ffa34714000 	C:\WINDOWS\SYSTEM32\dbghelp.dll
0x00007ffa2d9a0000 - 0x00007ffa2d9aa000 	C:\WINDOWS\SYSTEM32\VERSION.dll
0x00007ffa365f0000 - 0x00007ffa3661e000 	C:\WINDOWS\SYSTEM32\USERENV.dll
0x00007ffa33db0000 - 0x00007ffa33ddf000 	C:\WINDOWS\SYSTEM32\dwmapi.dll
0x00007ffa130d0000 - 0x00007ffa130e9000 	C:\WINDOWS\SYSTEM32\USP10.dll
0x00007ffa19d60000 - 0x00007ffa19fdf000 	C:\WINDOWS\SYSTEM32\DWrite.dll
0x00007ffa34fc0000 - 0x00007ffa350b3000 	C:\WINDOWS\SYSTEM32\dxgi.dll
0x00007ffa1c330000 - 0x00007ffa1c341000 	C:\WINDOWS\SYSTEM32\credui.dll
0x00007ffa321d0000 - 0x00007ffa32434000 	C:\WINDOWS\SYSTEM32\d3d11.dll
0x00007ffa27430000 - 0x00007ffa2761c000 	C:\WINDOWS\SYSTEM32\urlmon.dll
0x00007ffa287d0000 - 0x00007ffa28821000 	C:\WINDOWS\SYSTEM32\CRYPTUI.dll
0x00007ffa262e0000 - 0x00007ffa26374000 	C:\WINDOWS\SYSTEM32\WINSPOOL.DRV
0x00007ffa125f0000 - 0x00007ffa127bf000 	C:\WINDOWS\SYSTEM32\d3d9.dll
0x00007ffa36950000 - 0x00007ffa36977000 	C:\WINDOWS\System32\bcrypt.dll
0x00007ffa2ce20000 - 0x00007ffa2ce44000 	C:\WINDOWS\SYSTEM32\dxva2.dll
0x00007ffa31010000 - 0x00007ffa31119000 	C:\WINDOWS\SYSTEM32\WINHTTP.dll
0x00007ffa36150000 - 0x00007ffa36177000 	C:\WINDOWS\SYSTEM32\ncrypt.dll
0x00007ffa2dae0000 - 0x00007ffa2dafd000 	C:\WINDOWS\SYSTEM32\dhcpcsvc.DLL
0x00007ffa27170000 - 0x00007ffa27421000 	C:\WINDOWS\SYSTEM32\iertutil.dll
0x00007ffa27140000 - 0x00007ffa27168000 	C:\WINDOWS\SYSTEM32\srvcli.dll
0x00007ffa35bf0000 - 0x00007ffa35bfc000 	C:\WINDOWS\SYSTEM32\netutils.dll
0x00007ffa34f50000 - 0x00007ffa34f62000 	C:\WINDOWS\SYSTEM32\kernel.appcore.dll
0x00007ffa347a0000 - 0x00007ffa34f34000 	C:\WINDOWS\SYSTEM32\windows.storage.dll
0x00007ffa35fa0000 - 0x00007ffa35fcc000 	C:\WINDOWS\SYSTEM32\Wldp.dll
0x00007ffa34180000 - 0x00007ffa34276000 	C:\WINDOWS\SYSTEM32\PROPSYS.dll
0x00007ffa35f10000 - 0x00007ffa35f1c000 	C:\WINDOWS\SYSTEM32\CRYPTBASE.DLL
0x00007ffa365b0000 - 0x00007ffa365e2000 	C:\WINDOWS\SYSTEM32\SSPICLI.DLL
0x00007ffa2ae30000 - 0x00007ffa2ae49000 	C:\WINDOWS\SYSTEM32\SAMCLI.DLL
0x0000000000a90000 - 0x0000000000ac1000 	C:\Program Files\MATLAB\R2019b\bin\win64\cefcommon.dll
0x0000000000ad0000 - 0x0000000000e18000 	C:\Program Files\MATLAB\R2019b\bin\win64\libprotobuf3.dll
0x0000000000e30000 - 0x0000000000f48000 	C:\Program Files\MATLAB\R2019b\bin\win64\matlabwindowlib.dll
0x00007ffa368c0000 - 0x00007ffa36942000 	C:\WINDOWS\System32\bcryptPrimitives.dll
0x00007ffa36110000 - 0x00007ffa3614b000 	C:\WINDOWS\SYSTEM32\NTASN1.dll
0x00007ffa33bc0000 - 0x00007ffa33c5e000 	C:\WINDOWS\system32\uxtheme.dll
0x00000000727d0000 - 0x00000000728a2000 	C:\Program Files\MATLAB\R2019b\sys\java\jre\win64\jre\bin\msvcr100.dll
0x00000000728b0000 - 0x0000000073155000 	C:\Program Files\MATLAB\R2019b\sys\java\jre\win64\jre\bin\server\jvm.dll
0x00007ffa26e60000 - 0x00007ffa26e69000 	C:\WINDOWS\SYSTEM32\WSOCK32.dll
0x00007ffa28700000 - 0x00007ffa2870f000 	C:\Program Files\MATLAB\R2019b\sys\java\jre\win64\jre\bin\verify.dll
0x00007ffa11c40000 - 0x00007ffa11c69000 	C:\Program Files\MATLAB\R2019b\sys\java\jre\win64\jre\bin\java.dll
0x00007ffa1cab0000 - 0x00007ffa1cac6000 	C:\Program Files\MATLAB\R2019b\sys\java\jre\win64\jre\bin\zip.dll
0x00007ffa36630000 - 0x00007ffa3664f000 	C:\WINDOWS\SYSTEM32\profapi.dll
0x00007ffa2b7e0000 - 0x00007ffa2b7fa000 	C:\Program Files\MATLAB\R2019b\sys\java\jre\win64\jre\bin\net.dll
0x00007ffa35d80000 - 0x00007ffa35dea000 	C:\WINDOWS\system32\mswsock.dll
0x00007ffa35fe0000 - 0x00007ffa35ff8000 	C:\WINDOWS\SYSTEM32\CRYPTSP.dll
0x00007ffa35720000 - 0x00007ffa35754000 	C:\WINDOWS\system32\rsaenh.dll
0x00007ffa379a0000 - 0x00007ffa379a8000 	C:\WINDOWS\System32\NSI.dll
0x00007ffa2db00000 - 0x00007ffa2db17000 	C:\WINDOWS\SYSTEM32\dhcpcsvc6.DLL
0x00007ffa35ad0000 - 0x00007ffa35b9a000 	C:\WINDOWS\SYSTEM32\DNSAPI.dll
0x00007ffa22f30000 - 0x00007ffa22f42000 	C:\Program Files\MATLAB\R2019b\sys\java\jre\win64\jre\bin\nio.dll
0x00007ffa2e1e0000 - 0x00007ffa2e1ea000 	C:\Windows\System32\rasadhlp.dll
0x00007ffa2b720000 - 0x00007ffa2b79f000 	C:\WINDOWS\System32\fwpuclnt.dll
0x00000000f86e0000 - 0x00000000f8820000 	C:\Program Files\MATLAB\R2019b\bin\win64\instutil.dll
0x0000000002860000 - 0x0000000002883000 	C:\Program Files\MATLAB\R2019b\bin\win64\instlic_postinstall.dll
0x00007ff9d42c0000 - 0x00007ff9d4459000 	C:\Program Files\MATLAB\R2019b\sys\java\jre\win64\jre\bin\awt.dll
0x00007ffa33700000 - 0x00007ffa33790000 	C:\WINDOWS\SYSTEM32\apphelp.dll
0x00007ffa37bd0000 - 0x00007ffa37ce6000 	C:\WINDOWS\System32\MSCTF.dll
0x00000000029d0000 - 0x00000000029d9000 	C:\Program Files\MATLAB\R2019b\bin\win64\nativewebproxy.dll
0x00000000029e0000 - 0x00000000029fb000 	C:\Program Files\MATLAB\R2019b\bin\win64\webproxy.dll
0x00007ffa0dfb0000 - 0x00007ffa0dfd4000 	C:\Program Files\MATLAB\R2019b\sys\java\jre\win64\jre\bin\sunec.dll
0x00007ffa2a070000 - 0x00007ffa2a07b000 	C:\Program Files\MATLAB\R2019b\sys\java\jre\win64\jre\bin\sunmscapi.dll
0x0000000002a00000 - 0x0000000002a09000 	C:\Program Files\MATLAB\R2019b\bin\win64\nativenet.dll
0x0000000002b60000 - 0x0000000002ba4000 	C:\Program Files\MATLAB\R2019b\bin\win64\libmwflcertificates.dll
0x00007ff9c6910000 - 0x00007ff9c6bca000 	C:\Program Files\MATLAB\R2019b\bin\win64\libcrypto-1_1-x64.dll
0x00007ff9e8300000 - 0x00007ff9e83ad000 	C:\Program Files\MATLAB\R2019b\bin\win64\libssl-1_1-x64.dll
0x00007ffa36260000 - 0x00007ffa36272000 	C:\WINDOWS\SYSTEM32\MSASN1.dll
0x0000000002a10000 - 0x0000000002a13000 	C:\WINDOWS\SYSTEM32\icmp.Dll
0x00007ffa23970000 - 0x00007ffa23987000 	C:\WINDOWS\system32\napinsp.dll
0x00007ffa23950000 - 0x00007ffa2396b000 	C:\WINDOWS\system32\pnrpnsp.dll
0x00007ffa31610000 - 0x00007ffa31625000 	C:\WINDOWS\system32\wshbth.dll
0x00007ffa31120000 - 0x00007ffa3113d000 	C:\WINDOWS\system32\NLAapi.dll
0x00007ffa23930000 - 0x00007ffa23942000 	C:\WINDOWS\System32\winrnr.dll
0x0000000002a20000 - 0x0000000002a35000 	C:\Program Files\MATLAB\R2019b\bin\win64\mwinstall.dll

VM Arguments:
jvm_args: -Djava.library.path=C:\Program Files\MATLAB\R2019b\bin\win64 
java_command: <unknown>
java_class_path (initial): C:\Program Files\MATLAB\R2019b/java/jarext/lais_server_impl/lais_server_impl.jar;C:\Program Files\MATLAB\R2019b/java/jarext/connector_impl/cosg_impl_java/cosg_impl.jar;C:\Program Files\MATLAB\R2019b/java/config/addons_install_launcher/pathlist.jar
Launcher Type: generic

Environment Variables:
CLASSPATH=.;C:\Java\Libraries\;C:\Java\Libraries\introcs\;
PATH=C:\WINDOWS\system32;C:\WINDOWS;C:\WINDOWS\System32\Wbem;C:\WINDOWS\System32\WindowsPowerShell\v1.0\;C:\WINDOWS\System32\OpenSSH\;C:\Program Files\Java\jdk-12.0.2\bin;C:\Program Files\MATLAB\R2019b\bin;C:\Program Files\Git\cmd;C:\Program Files\nodejs\;C:\ProgramData\chocolatey\bin;C:\Users\Matthew Coleman\miniconda3\condabin;C:\Users\Matthew Coleman\miniconda3;C:\Python39;C:\Python39\Scripts;C:\Users\Matthew Coleman\AppData\Local\Programs\Microsoft VS Code\bin;C:\Users\Matthew Coleman\go\bin;C:\Users\Matthew Coleman\AppData\Local\Microsoft\WindowsApps;C:\Users\Matthew Coleman\AppData\Local\atom\bin;C:\Users\Matthew Coleman\AppData\Local\Microsoft\WindowsApps;C:\Users\Matthew Coleman\AppData\Local\particle\bin;C:\OpenSSL-Win32\bin;C:\Users\Matthew Coleman\AppData\Roaming\npm
USERNAME=Matthew Coleman
OS=Windows_NT
PROCESSOR_IDENTIFIER=Intel64 Family 6 Model 78 Stepping 3, GenuineIntel



---------------  S Y S T E M  ---------------

OS: Windows 10.0 , 64 bit Build 19041 (10.0.19041.1566)

CPU:total 4 (initial active 4) (2 cores per cpu, 2 threads per core) family 6 model 78 stepping 3, cmov, cx8, fxsr, mmx, sse, sse2, sse3, ssse3, sse4.1, sse4.2, popcnt, avx, avx2, aes, clmul, erms, rtm, 3dnowpref, lzcnt, ht, tsc, tscinvbit, bmi1, bmi2, adx

Memory: 4k page, physical 8303732k(2963020k free), swap 13095664k(4899840k free)

vm_info: Java HotSpot(TM) 64-Bit Server VM (25.202-b08) for windows-amd64 JRE (1.8.0_202-b08), built on Dec 15 2018 19:54:30 by "java_re" with MS VC++ 10.0 (VS2010)

time: Mon Mar 14 16:34:06 2022
timezone: Eastern Daylight Time
elapsed time: 150 seconds (0d 0h 2m 30s)

